15:34:18.176  Fetch failed loading: POST "https://www.google-analytics.com/g/collect?v=2&tid=G-1DSR7B6WFY&gtm=45je5620v9123095868za200&_p=1748979248533&gcd=13l3l3l3l1l1&npa=0&dma=0&tag_exp=101509157~103116026~103200004~103233427~103351869~103351871~104611962~104611964&cid=1754783800.1748897226&ul=en-us&sr=1920x1080&ir=1&uaa=x86&uab=64&uafvl=Google%2520Chrome%3B137.0.7151.56%7CChromium%3B137.0.7151.56%7CNot%252FA)Brand%3B24.0.0.0&uamb=0&uam=&uap=Windows&uapv=19.0.0&uaw=0&are=1&frm=0&pscdl=noapi&_eu=EAAIAAQ&_s=2&sid=1748979129&sct=5&seg=1&dl=https%3A%2F%2Fgridfour.trynetsapiens.com%2Fportal%2Fhome&dr=https%3A%2F%2Fgridfour.trynetsapiens.com%2Fportal%2Fdomains&dt=Manager%20Portal%20-%20Home&en=user_engagement&_et=3741&tfd=11312".
(anonymous) @ bugsnag.min.js:1
ct.fetch @ bugsnag.min.js:1
Mc @ js:164
Yl @ js:347
rM @ js:713
ba.flush @ js:721
ba.flush @ js:738
(anonymous) @ js:751
(anonymous) @ js:688
(anonymous) @ js:687
n.__trace__ @ bugsnag.min.js:1
15:34:18.203 Navigated to https://gridfour.trynetsapiens.com/portal/home
15:34:18.349 notifier.js:81 [bugsnag] Loaded!
15:34:19.250 XHR finished loading: POST "<URL>".
15:34:19.250 XHR finished loading: POST "<URL>".
15:34:19.250 XHR finished loading: POST "<URL>".
15:34:19.250 XHR finished loading: POST "<URL>".
15:34:19.250 XHR finished loading: POST "<URL>".
15:34:19.250 XHR finished loading: POST "<URL>".
15:34:19.250 XHR finished loading: POST "<URL>".
15:34:19.250 XHR finished loading: POST "<URL>".
15:34:19.250 XHR finished loading: POST "<URL>".
15:34:19.250 XHR finished loading: POST "<URL>".
15:34:19.250 XHR finished loading: POST "<URL>".
15:34:19.250 XHR finished loading: POST "<URL>".
15:34:19.250 XHR finished loading: POST "<URL>".
15:34:19.250 XHR finished loading: POST "<URL>".
15:34:19.250 XHR finished loading: POST "<URL>".
15:34:19.250 XHR finished loading: POST "<URL>".
15:34:19.519 XHR finished loading: GET "<URL>".
15:34:19.519 XHR finished loading: GET "<URL>".
15:34:19.519 XHR finished loading: GET "<URL>".
15:34:19.519 XHR finished loading: GET "<URL>".
15:34:19.519 XHR finished loading: GET "<URL>".
15:34:19.519 XHR finished loading: GET "<URL>".
15:34:19.519 XHR finished loading: GET "<URL>".
15:34:19.519 XHR finished loading: GET "<URL>".
15:34:19.519 XHR finished loading: GET "<URL>".
15:34:19.519 XHR finished loading: GET "<URL>".
15:34:19.519 XHR finished loading: GET "<URL>".
15:34:19.519 XHR finished loading: GET "<URL>".
15:34:19.519 XHR finished loading: GET "<URL>".
15:34:19.519 XHR finished loading: GET "<URL>".
15:34:18.969 console-breadcrumbs.js:33 ...socket connect()
15:34:18.976 index.iife.js:1 content script loaded
15:34:19.190 console-breadcrumbs.js:33 🚀 Grid4 CloudVoice Portal v1.0.0
15:34:19.190 console-breadcrumbs.js:33 Transformation active! Press Ctrl+B to toggle sidebar.
15:34:19.301 console-breadcrumbs.js:33 🚀 Grid4 Portal transformation complete!
15:34:25.607 [Violation] Added non-passive event listener to a scroll-blocking <some> event. Consider marking event handler as 'passive' to make the page more responsive. See <URL>
15:34:25.607 [Violation] Added non-passive event listener to a scroll-blocking <some> event. Consider marking event handler as 'passive' to make the page more responsive. See <URL>
15:34:25.607 [Violation] Added non-passive event listener to a scroll-blocking <some> event. Consider marking event handler as 'passive' to make the page more responsive. See <URL>
15:34:25.607 [Violation] Added non-passive event listener to a scroll-blocking <some> event. Consider marking event handler as 'passive' to make the page more responsive. See <URL>
15:34:25.607 [Violation] Added non-passive event listener to a scroll-blocking <some> event. Consider marking event handler as 'passive' to make the page more responsive. See <URL>
15:34:25.607 [Violation] Added non-passive event listener to a scroll-blocking <some> event. Consider marking event handler as 'passive' to make the page more responsive. See <URL>
15:34:25.607 [Violation] Added non-passive event listener to a scroll-blocking <some> event. Consider marking event handler as 'passive' to make the page more responsive. See <URL>
15:34:25.607 [Violation] Added non-passive event listener to a scroll-blocking <some> event. Consider marking event handler as 'passive' to make the page more responsive. See <URL>
15:34:25.607 [Violation] Added non-passive event listener to a scroll-blocking <some> event. Consider marking event handler as 'passive' to make the page more responsive. See <URL>
15:34:25.607 [Violation] Added non-passive event listener to a scroll-blocking <some> event. Consider marking event handler as 'passive' to make the page more responsive. See <URL>
15:34:20.252 0635ccf790a837d17f93efdc903a20a5:1 
            
            
           GET https://www.gravatar.com/avatar/0635ccf790a837d17f93efdc903a20a5?s=66&d=404 404 (Not Found)
Image
attr @ synthesize.js:77
access @ synthesize.js:77
attr @ synthesize.js:77
_handleItem @ synthesize.js:77
_lazyLoadItems @ synthesize.js:77
_initialize @ synthesize.js:77
_executeLazy @ synthesize.js:77
LazyPlugin @ synthesize.js:77
$.fn.Lazy.$.fn.lazy @ synthesize.js:77
(anonymous) @ VM4589:3
DOMEval @ synthesize.js:77
domManip @ synthesize.js:77
append @ synthesize.js:77
(anonymous) @ synthesize.js:77
access @ synthesize.js:77
html @ synthesize.js:77
(anonymous) @ home:1630
fire @ synthesize.js:77
fireWith @ synthesize.js:77
done @ synthesize.js:77
(anonymous) @ synthesize.js:77
XMLHttpRequest.send
send @ synthesize.js:77
ajax @ synthesize.js:77
jQuery.<computed> @ synthesize.js:77
(anonymous) @ home:1628
mightThrow @ synthesize.js:77
process @ synthesize.js:77
n.__trace__ @ inline-script-content.js:138
setTimeout
(anonymous) @ inline-script-content.js:151
(anonymous) @ synthesize.js:77
fire @ synthesize.js:77
fireWith @ synthesize.js:77
fire @ synthesize.js:77
fire @ synthesize.js:77
fireWith @ synthesize.js:77
ready @ synthesize.js:77
completed @ synthesize.js:77
n.__trace__ @ inline-script-content.js:138
15:34:20.252 ada7ac0ad7483e1d4d9c7dc6d3d22a16:1 
            
            
           GET https://www.gravatar.com/avatar/ada7ac0ad7483e1d4d9c7dc6d3d22a16?s=66&d=404 404 (Not Found)
Image
attr @ synthesize.js:77
access @ synthesize.js:77
attr @ synthesize.js:77
_handleItem @ synthesize.js:77
_lazyLoadItems @ synthesize.js:77
_initialize @ synthesize.js:77
_executeLazy @ synthesize.js:77
LazyPlugin @ synthesize.js:77
$.fn.Lazy.$.fn.lazy @ synthesize.js:77
(anonymous) @ VM4589:3
DOMEval @ synthesize.js:77
domManip @ synthesize.js:77
append @ synthesize.js:77
(anonymous) @ synthesize.js:77
access @ synthesize.js:77
html @ synthesize.js:77
(anonymous) @ home:1630
fire @ synthesize.js:77
fireWith @ synthesize.js:77
done @ synthesize.js:77
(anonymous) @ synthesize.js:77
XMLHttpRequest.send
send @ synthesize.js:77
ajax @ synthesize.js:77
jQuery.<computed> @ synthesize.js:77
(anonymous) @ home:1628
mightThrow @ synthesize.js:77
process @ synthesize.js:77
n.__trace__ @ inline-script-content.js:138
setTimeout
(anonymous) @ inline-script-content.js:151
(anonymous) @ synthesize.js:77
fire @ synthesize.js:77
fireWith @ synthesize.js:77
fire @ synthesize.js:77
fire @ synthesize.js:77
fireWith @ synthesize.js:77
ready @ synthesize.js:77
completed @ synthesize.js:77
n.__trace__ @ inline-script-content.js:138
15:34:20.252 2a110f007495ec048ad44a00b5fa84e4:1 
            
            
           GET https://www.gravatar.com/avatar/2a110f007495ec048ad44a00b5fa84e4?s=66&d=404 404 (Not Found)
Image
attr @ synthesize.js:77
access @ synthesize.js:77
attr @ synthesize.js:77
_handleItem @ synthesize.js:77
_lazyLoadItems @ synthesize.js:77
_initialize @ synthesize.js:77
_executeLazy @ synthesize.js:77
LazyPlugin @ synthesize.js:77
$.fn.Lazy.$.fn.lazy @ synthesize.js:77
(anonymous) @ VM4589:3
DOMEval @ synthesize.js:77
domManip @ synthesize.js:77
append @ synthesize.js:77
(anonymous) @ synthesize.js:77
access @ synthesize.js:77
html @ synthesize.js:77
(anonymous) @ home:1630
fire @ synthesize.js:77
fireWith @ synthesize.js:77
done @ synthesize.js:77
(anonymous) @ synthesize.js:77
XMLHttpRequest.send
send @ synthesize.js:77
ajax @ synthesize.js:77
jQuery.<computed> @ synthesize.js:77
(anonymous) @ home:1628
mightThrow @ synthesize.js:77
process @ synthesize.js:77
n.__trace__ @ inline-script-content.js:138
setTimeout
(anonymous) @ inline-script-content.js:151
(anonymous) @ synthesize.js:77
fire @ synthesize.js:77
fireWith @ synthesize.js:77
fire @ synthesize.js:77
fire @ synthesize.js:77
fireWith @ synthesize.js:77
ready @ synthesize.js:77
completed @ synthesize.js:77
n.__trace__ @ inline-script-content.js:138
15:34:20.252 acfe28cc1d6ea55a7c8a5742188c197a:1 
            
            
           GET https://www.gravatar.com/avatar/acfe28cc1d6ea55a7c8a5742188c197a?s=66&d=404 404 (Not Found)
Image
attr @ synthesize.js:77
access @ synthesize.js:77
attr @ synthesize.js:77
_handleItem @ synthesize.js:77
_lazyLoadItems @ synthesize.js:77
_initialize @ synthesize.js:77
_executeLazy @ synthesize.js:77
LazyPlugin @ synthesize.js:77
$.fn.Lazy.$.fn.lazy @ synthesize.js:77
(anonymous) @ VM4589:3
DOMEval @ synthesize.js:77
domManip @ synthesize.js:77
append @ synthesize.js:77
(anonymous) @ synthesize.js:77
access @ synthesize.js:77
html @ synthesize.js:77
(anonymous) @ home:1630
fire @ synthesize.js:77
fireWith @ synthesize.js:77
done @ synthesize.js:77
(anonymous) @ synthesize.js:77
XMLHttpRequest.send
send @ synthesize.js:77
ajax @ synthesize.js:77
jQuery.<computed> @ synthesize.js:77
(anonymous) @ home:1628
mightThrow @ synthesize.js:77
process @ synthesize.js:77
n.__trace__ @ inline-script-content.js:138
setTimeout
(anonymous) @ inline-script-content.js:151
(anonymous) @ synthesize.js:77
fire @ synthesize.js:77
fireWith @ synthesize.js:77
fire @ synthesize.js:77
fire @ synthesize.js:77
fireWith @ synthesize.js:77
ready @ synthesize.js:77
completed @ synthesize.js:77
n.__trace__ @ inline-script-content.js:138
15:34:20.262 24ac80c0dee48fa537ffdd6d3659b551:1 
            
            
           GET https://www.gravatar.com/avatar/24ac80c0dee48fa537ffdd6d3659b551?s=66&d=404 404 (Not Found)
Image
attr @ synthesize.js:77
access @ synthesize.js:77
attr @ synthesize.js:77
_handleItem @ synthesize.js:77
_lazyLoadItems @ synthesize.js:77
_initialize @ synthesize.js:77
_executeLazy @ synthesize.js:77
LazyPlugin @ synthesize.js:77
$.fn.Lazy.$.fn.lazy @ synthesize.js:77
(anonymous) @ VM4589:3
DOMEval @ synthesize.js:77
domManip @ synthesize.js:77
append @ synthesize.js:77
(anonymous) @ synthesize.js:77
access @ synthesize.js:77
html @ synthesize.js:77
(anonymous) @ home:1630
fire @ synthesize.js:77
fireWith @ synthesize.js:77
done @ synthesize.js:77
(anonymous) @ synthesize.js:77
XMLHttpRequest.send
send @ synthesize.js:77
ajax @ synthesize.js:77
jQuery.<computed> @ synthesize.js:77
(anonymous) @ home:1628
mightThrow @ synthesize.js:77
process @ synthesize.js:77
n.__trace__ @ inline-script-content.js:138
setTimeout
(anonymous) @ inline-script-content.js:151
(anonymous) @ synthesize.js:77
fire @ synthesize.js:77
fireWith @ synthesize.js:77
fire @ synthesize.js:77
fire @ synthesize.js:77
fireWith @ synthesize.js:77
ready @ synthesize.js:77
completed @ synthesize.js:77
n.__trace__ @ inline-script-content.js:138
15:34:20.263 c1c55e57fae1de340d6db432394929f3:1 
            
            
           GET https://www.gravatar.com/avatar/c1c55e57fae1de340d6db432394929f3?s=66&d=404 404 (Not Found)
Image
attr @ synthesize.js:77
access @ synthesize.js:77
attr @ synthesize.js:77
_handleItem @ synthesize.js:77
_lazyLoadItems @ synthesize.js:77
_initialize @ synthesize.js:77
_executeLazy @ synthesize.js:77
LazyPlugin @ synthesize.js:77
$.fn.Lazy.$.fn.lazy @ synthesize.js:77
(anonymous) @ VM4589:3
DOMEval @ synthesize.js:77
domManip @ synthesize.js:77
append @ synthesize.js:77
(anonymous) @ synthesize.js:77
access @ synthesize.js:77
html @ synthesize.js:77
(anonymous) @ home:1630
fire @ synthesize.js:77
fireWith @ synthesize.js:77
done @ synthesize.js:77
(anonymous) @ synthesize.js:77
XMLHttpRequest.send
send @ synthesize.js:77
ajax @ synthesize.js:77
jQuery.<computed> @ synthesize.js:77
(anonymous) @ home:1628
mightThrow @ synthesize.js:77
process @ synthesize.js:77
n.__trace__ @ inline-script-content.js:138
setTimeout
(anonymous) @ inline-script-content.js:151
(anonymous) @ synthesize.js:77
fire @ synthesize.js:77
fireWith @ synthesize.js:77
fire @ synthesize.js:77
fire @ synthesize.js:77
fireWith @ synthesize.js:77
ready @ synthesize.js:77
completed @ synthesize.js:77
n.__trace__ @ inline-script-content.js:138
15:34:20.263 16ee223140685997630dbe17ec2344ba:1 
            
            
           GET https://www.gravatar.com/avatar/16ee223140685997630dbe17ec2344ba?s=66&d=404 404 (Not Found)
Image
attr @ synthesize.js:77
access @ synthesize.js:77
attr @ synthesize.js:77
_handleItem @ synthesize.js:77
_lazyLoadItems @ synthesize.js:77
_initialize @ synthesize.js:77
_executeLazy @ synthesize.js:77
LazyPlugin @ synthesize.js:77
$.fn.Lazy.$.fn.lazy @ synthesize.js:77
(anonymous) @ VM4589:3
DOMEval @ synthesize.js:77
domManip @ synthesize.js:77
append @ synthesize.js:77
(anonymous) @ synthesize.js:77
access @ synthesize.js:77
html @ synthesize.js:77
(anonymous) @ home:1630
fire @ synthesize.js:77
fireWith @ synthesize.js:77
done @ synthesize.js:77
(anonymous) @ synthesize.js:77
XMLHttpRequest.send
send @ synthesize.js:77
ajax @ synthesize.js:77
jQuery.<computed> @ synthesize.js:77
(anonymous) @ home:1628
mightThrow @ synthesize.js:77
process @ synthesize.js:77
n.__trace__ @ inline-script-content.js:138
setTimeout
(anonymous) @ inline-script-content.js:151
(anonymous) @ synthesize.js:77
fire @ synthesize.js:77
fireWith @ synthesize.js:77
fire @ synthesize.js:77
fire @ synthesize.js:77
fireWith @ synthesize.js:77
ready @ synthesize.js:77
completed @ synthesize.js:77
n.__trace__ @ inline-script-content.js:138
15:34:20.263 2b5ce4bf98b1121b2289d7e1986b23a4:1 
            
            
           GET https://www.gravatar.com/avatar/2b5ce4bf98b1121b2289d7e1986b23a4?s=66&d=404 404 (Not Found)
Image
attr @ synthesize.js:77
access @ synthesize.js:77
attr @ synthesize.js:77
_handleItem @ synthesize.js:77
_lazyLoadItems @ synthesize.js:77
_initialize @ synthesize.js:77
_executeLazy @ synthesize.js:77
LazyPlugin @ synthesize.js:77
$.fn.Lazy.$.fn.lazy @ synthesize.js:77
(anonymous) @ VM4589:3
DOMEval @ synthesize.js:77
domManip @ synthesize.js:77
append @ synthesize.js:77
(anonymous) @ synthesize.js:77
access @ synthesize.js:77
html @ synthesize.js:77
(anonymous) @ home:1630
fire @ synthesize.js:77
fireWith @ synthesize.js:77
done @ synthesize.js:77
(anonymous) @ synthesize.js:77
XMLHttpRequest.send
send @ synthesize.js:77
ajax @ synthesize.js:77
jQuery.<computed> @ synthesize.js:77
(anonymous) @ home:1628
mightThrow @ synthesize.js:77
process @ synthesize.js:77
n.__trace__ @ inline-script-content.js:138
setTimeout
(anonymous) @ inline-script-content.js:151
(anonymous) @ synthesize.js:77
fire @ synthesize.js:77
fireWith @ synthesize.js:77
fire @ synthesize.js:77
fire @ synthesize.js:77
fireWith @ synthesize.js:77
ready @ synthesize.js:77
completed @ synthesize.js:77
n.__trace__ @ inline-script-content.js:138
15:34:20.263 55502f40dc8b7c769880b10874abc9d0:1 
            
            
           GET https://www.gravatar.com/avatar/55502f40dc8b7c769880b10874abc9d0?s=66&d=404 404 (Not Found)
Image
attr @ synthesize.js:77
access @ synthesize.js:77
attr @ synthesize.js:77
_handleItem @ synthesize.js:77
_lazyLoadItems @ synthesize.js:77
_initialize @ synthesize.js:77
_executeLazy @ synthesize.js:77
LazyPlugin @ synthesize.js:77
$.fn.Lazy.$.fn.lazy @ synthesize.js:77
(anonymous) @ VM4589:3
DOMEval @ synthesize.js:77
domManip @ synthesize.js:77
append @ synthesize.js:77
(anonymous) @ synthesize.js:77
access @ synthesize.js:77
html @ synthesize.js:77
(anonymous) @ home:1630
fire @ synthesize.js:77
fireWith @ synthesize.js:77
done @ synthesize.js:77
(anonymous) @ synthesize.js:77
XMLHttpRequest.send
send @ synthesize.js:77
ajax @ synthesize.js:77
jQuery.<computed> @ synthesize.js:77
(anonymous) @ home:1628
mightThrow @ synthesize.js:77
process @ synthesize.js:77
n.__trace__ @ inline-script-content.js:138
setTimeout
(anonymous) @ inline-script-content.js:151
(anonymous) @ synthesize.js:77
fire @ synthesize.js:77
fireWith @ synthesize.js:77
fire @ synthesize.js:77
fire @ synthesize.js:77
fireWith @ synthesize.js:77
ready @ synthesize.js:77
completed @ synthesize.js:77
n.__trace__ @ inline-script-content.js:138
15:34:20.264 e3f8b5b28cdc0d3e0b4d21b7c70eeb64:1 
            
            
           GET https://www.gravatar.com/avatar/e3f8b5b28cdc0d3e0b4d21b7c70eeb64?s=66&d=404 404 (Not Found)
Image
attr @ synthesize.js:77
access @ synthesize.js:77
attr @ synthesize.js:77
_handleItem @ synthesize.js:77
_lazyLoadItems @ synthesize.js:77
_initialize @ synthesize.js:77
_executeLazy @ synthesize.js:77
LazyPlugin @ synthesize.js:77
$.fn.Lazy.$.fn.lazy @ synthesize.js:77
(anonymous) @ VM4589:3
DOMEval @ synthesize.js:77
domManip @ synthesize.js:77
append @ synthesize.js:77
(anonymous) @ synthesize.js:77
access @ synthesize.js:77
html @ synthesize.js:77
(anonymous) @ home:1630
fire @ synthesize.js:77
fireWith @ synthesize.js:77
done @ synthesize.js:77
(anonymous) @ synthesize.js:77
XMLHttpRequest.send
send @ synthesize.js:77
ajax @ synthesize.js:77
jQuery.<computed> @ synthesize.js:77
(anonymous) @ home:1628
mightThrow @ synthesize.js:77
process @ synthesize.js:77
n.__trace__ @ inline-script-content.js:138
setTimeout
(anonymous) @ inline-script-content.js:151
(anonymous) @ synthesize.js:77
fire @ synthesize.js:77
fireWith @ synthesize.js:77
fire @ synthesize.js:77
fire @ synthesize.js:77
fireWith @ synthesize.js:77
ready @ synthesize.js:77
completed @ synthesize.js:77
n.__trace__ @ inline-script-content.js:138
15:34:20.264 8e387dda148d5c8adc9b6c87305eb971:1 
            
            
           GET https://www.gravatar.com/avatar/8e387dda148d5c8adc9b6c87305eb971?s=66&d=404 404 (Not Found)
Image
attr @ synthesize.js:77
access @ synthesize.js:77
attr @ synthesize.js:77
_handleItem @ synthesize.js:77
_lazyLoadItems @ synthesize.js:77
_initialize @ synthesize.js:77
_executeLazy @ synthesize.js:77
LazyPlugin @ synthesize.js:77
$.fn.Lazy.$.fn.lazy @ synthesize.js:77
(anonymous) @ VM4589:3
DOMEval @ synthesize.js:77
domManip @ synthesize.js:77
append @ synthesize.js:77
(anonymous) @ synthesize.js:77
access @ synthesize.js:77
html @ synthesize.js:77
(anonymous) @ home:1630
fire @ synthesize.js:77
fireWith @ synthesize.js:77
done @ synthesize.js:77
(anonymous) @ synthesize.js:77
XMLHttpRequest.send
send @ synthesize.js:77
ajax @ synthesize.js:77
jQuery.<computed> @ synthesize.js:77
(anonymous) @ home:1628
mightThrow @ synthesize.js:77
process @ synthesize.js:77
n.__trace__ @ inline-script-content.js:138
setTimeout
(anonymous) @ inline-script-content.js:151
(anonymous) @ synthesize.js:77
fire @ synthesize.js:77
fireWith @ synthesize.js:77
fire @ synthesize.js:77
fire @ synthesize.js:77
fireWith @ synthesize.js:77
ready @ synthesize.js:77
completed @ synthesize.js:77
n.__trace__ @ inline-script-content.js:138
15:34:20.264 309eb151c3fbbff42e4fb887bc69c0d6:1 
            
            
           GET https://www.gravatar.com/avatar/309eb151c3fbbff42e4fb887bc69c0d6?s=66&d=404 404 (Not Found)
Image
attr @ synthesize.js:77
access @ synthesize.js:77
attr @ synthesize.js:77
_handleItem @ synthesize.js:77
_lazyLoadItems @ synthesize.js:77
_initialize @ synthesize.js:77
_executeLazy @ synthesize.js:77
LazyPlugin @ synthesize.js:77
$.fn.Lazy.$.fn.lazy @ synthesize.js:77
(anonymous) @ VM4589:3
DOMEval @ synthesize.js:77
domManip @ synthesize.js:77
append @ synthesize.js:77
(anonymous) @ synthesize.js:77
access @ synthesize.js:77
html @ synthesize.js:77
(anonymous) @ home:1630
fire @ synthesize.js:77
fireWith @ synthesize.js:77
done @ synthesize.js:77
(anonymous) @ synthesize.js:77
XMLHttpRequest.send
send @ synthesize.js:77
ajax @ synthesize.js:77
jQuery.<computed> @ synthesize.js:77
(anonymous) @ home:1628
mightThrow @ synthesize.js:77
process @ synthesize.js:77
n.__trace__ @ inline-script-content.js:138
setTimeout
(anonymous) @ inline-script-content.js:151
(anonymous) @ synthesize.js:77
fire @ synthesize.js:77
fireWith @ synthesize.js:77
fire @ synthesize.js:77
fire @ synthesize.js:77
fireWith @ synthesize.js:77
ready @ synthesize.js:77
completed @ synthesize.js:77
n.__trace__ @ inline-script-content.js:138
15:34:23.558 network-breadcrumbs.js:149 Fetch failed loading: POST "https://www.google-analytics.com/g/collect?v=2&tid=G-1DSR7B6WFY&gtm=45je5620v9123095868za200&_p=1748979258199&gcd=13l3l3l3l1l1&npa=0&dma=0&tag_exp=101509157~103116026~103200004~103233427~103351866~103351868~104611962~104611964&cid=1754783800.1748897226&ul=en-us&sr=1920x1080&ir=1&uaa=x86&uab=64&uafvl=Google%2520Chrome%3B137.0.7151.56%7CChromium%3B137.0.7151.56%7CNot%252FA)Brand%3B24.0.0.0&uamb=0&uam=&uap=Windows&uapv=19.0.0&uaw=0&are=1&frm=0&pscdl=noapi&_eu=EAAIAAQ&_s=1&sid=1748979129&sct=5&seg=1&dl=https%3A%2F%2Fgridfour.trynetsapiens.com%2Fportal%2Fhome&dr=https%3A%2F%2Fgridfour.trynetsapiens.com%2Fportal%2Fdomains&dt=Manager%20Portal%20-%20Home&en=page_view&tfd=6357".
(anonymous) @ network-breadcrumbs.js:149
ct.fetch @ network-breadcrumbs.js:147
Mc @ js?id=G-1DSR7B6WFY&cx=c&gtm=457e5620za200&tag_exp=101509157~103116026~103200004~103233427~103351869~103351871~104611962~104611964:164
Yl @ js?id=G-1DSR7B6WFY&cx=c&gtm=457e5620za200&tag_exp=101509157~103116026~103200004~103233427~103351869~103351871~104611962~104611964:347
rM @ js?id=G-1DSR7B6WFY&cx=c&gtm=457e5620za200&tag_exp=101509157~103116026~103200004~103233427~103351869~103351871~104611962~104611964:713
ba.flush @ js?id=G-1DSR7B6WFY&cx=c&gtm=457e5620za200&tag_exp=101509157~103116026~103200004~103233427~103351869~103351871~104611962~104611964:721
(anonymous) @ js?id=G-1DSR7B6WFY&cx=c&gtm=457e5620za200&tag_exp=101509157~103116026~103200004~103233427~103351869~103351871~104611962~104611964:718
n.__trace__ @ inline-script-content.js:138
setTimeout
(anonymous) @ inline-script-content.js:151
ba.Jb @ js?id=G-1DSR7B6WFY&cx=c&gtm=457e5620za200&tag_exp=101509157~103116026~103200004~103233427~103351869~103351871~104611962~104611964:718
ba.add @ js?id=G-1DSR7B6WFY&cx=c&gtm=457e5620za200&tag_exp=101509157~103116026~103200004~103233427~103351869~103351871~104611962~104611964:720
ba.Sl @ js?id=G-1DSR7B6WFY&cx=c&gtm=457e5620za200&tag_exp=101509157~103116026~103200004~103233427~103351869~103351871~104611962~104611964:738
ba.Up @ js?id=G-1DSR7B6WFY&cx=c&gtm=457e5620za200&tag_exp=101509157~103116026~103200004~103233427~103351869~103351871~104611962~104611964:738
(anonymous) @ js?id=G-1DSR7B6WFY&cx=c&gtm=457e5620za200&tag_exp=101509157~103116026~103200004~103233427~103351869~103351871~104611962~104611964:734
dn @ js?id=G-1DSR7B6WFY&cx=c&gtm=457e5620za200&tag_exp=101509157~103116026~103200004~103233427~103351869~103351871~104611962~104611964:367
$o @ js?id=G-1DSR7B6WFY&cx=c&gtm=457e5620za200&tag_exp=101509157~103116026~103200004~103233427~103351869~103351871~104611962~104611964:386
(anonymous) @ js?id=G-1DSR7B6WFY&cx=c&gtm=457e5620za200&tag_exp=101509157~103116026~103200004~103233427~103351869~103351871~104611962~104611964:734
c @ js?id=G-1DSR7B6WFY&cx=c&gtm=457e5620za200&tag_exp=101509157~103116026~103200004~103233427~103351869~103351871~104611962~104611964:558
(anonymous) @ js?id=G-1DSR7B6WFY&cx=c&gtm=457e5620za200&tag_exp=101509157~103116026~103200004~103233427~103351869~103351871~104611962~104611964:558
Promise.then
ry @ js?id=G-1DSR7B6WFY&cx=c&gtm=457e5620za200&tag_exp=101509157~103116026~103200004~103233427~103351869~103351871~104611962~104611964:558
ba.Tp @ js?id=G-1DSR7B6WFY&cx=c&gtm=457e5620za200&tag_exp=101509157~103116026~103200004~103233427~103351869~103351871~104611962~104611964:734
c @ js?id=G-1DSR7B6WFY&cx=c&gtm=457e5620za200&tag_exp=101509157~103116026~103200004~103233427~103351869~103351871~104611962~104611964:750
w @ js?id=G-1DSR7B6WFY&cx=c&gtm=457e5620za200&tag_exp=101509157~103116026~103200004~103233427~103351869~103351871~104611962~104611964:405
nn @ js?id=G-1DSR7B6WFY&cx=c&gtm=457e5620za200&tag_exp=101509157~103116026~103200004~103233427~103351869~103351871~104611962~104611964:369
Dq @ js?id=G-1DSR7B6WFY&cx=c&gtm=457e5620za200&tag_exp=101509157~103116026~103200004~103233427~103351869~103351871~104611962~104611964:405
Cq.flush @ js?id=G-1DSR7B6WFY&cx=c&gtm=457e5620za200&tag_exp=101509157~103116026~103200004~103233427~103351869~103351871~104611962~104611964:409
Cq.push @ js?id=G-1DSR7B6WFY&cx=c&gtm=457e5620za200&tag_exp=101509157~103116026~103200004~103233427~103351869~103351871~104611962~104611964:407
config @ js?id=G-1DSR7B6WFY&cx=c&gtm=457e5620za200&tag_exp=101509157~103116026~103200004~103233427~103351869~103351871~104611962~104611964:612
mD @ js?id=G-1DSR7B6WFY&cx=c&gtm=457e5620za200&tag_exp=101509157~103116026~103200004~103233427~103351869~103351871~104611962~104611964:620
oD @ js?id=G-1DSR7B6WFY&cx=c&gtm=457e5620za200&tag_exp=101509157~103116026~103200004~103233427~103351869~103351871~104611962~104611964:622
fo @ js?id=G-1DSR7B6WFY&cx=c&gtm=457e5620za200&tag_exp=101509157~103116026~103200004~103233427~103351869~103351871~104611962~104611964:813
(anonymous) @ js?id=G-1DSR7B6WFY&cx=c&gtm=457e5620za200&tag_exp=101509157~103116026~103200004~103233427~103351869~103351871~104611962~104611964:816
c @ js?id=G-1DSR7B6WFY&cx=c&gtm=457e5620za200&tag_exp=101509157~103116026~103200004~103233427~103351869~103351871~104611962~104611964:814
(anonymous) @ js?id=G-1DSR7B6WFY&cx=c&gtm=457e5620za200&tag_exp=101509157~103116026~103200004~103233427~103351869~103351871~104611962~104611964:816
(anonymous) @ js?id=G-1DSR7B6WFY&cx=c&gtm=457e5620za200&tag_exp=101509157~103116026~103200004~103233427~103351869~103351871~104611962~104611964:816
(anonymous) @ js?id=G-1DSR7B6WFY&cx=c&gtm=457e5620za200&tag_exp=101509157~103116026~103200004~103233427~103351869~103351871~104611962~104611964:818
15:34:23.693 [Violation] Forced reflow while executing JavaScript took 44ms
15:36:04.625 [Violation] 'requestAnimationFrame' handler took <N>ms
15:36:04.625 [Violation] 'requestAnimationFrame' handler took <N>ms
15:36:04.625 [Violation] 'requestAnimationFrame' handler took <N>ms
15:36:04.625 [Violation] 'requestAnimationFrame' handler took <N>ms
15:36:04.625 [Violation] 'requestAnimationFrame' handler took <N>ms
15:36:04.625 [Violation] 'requestAnimationFrame' handler took <N>ms
15:36:04.625 [Violation] 'requestAnimationFrame' handler took <N>ms
15:36:04.625 [Violation] 'requestAnimationFrame' handler took <N>ms
15:36:04.625 [Violation] 'requestAnimationFrame' handler took <N>ms
15:36:04.625 [Violation] 'requestAnimationFrame' handler took <N>ms
15:36:04.625 [Violation] 'requestAnimationFrame' handler took <N>ms
15:36:04.625 [Violation] 'requestAnimationFrame' handler took <N>ms
15:36:04.625 [Violation] 'requestAnimationFrame' handler took <N>ms
15:36:04.625 [Violation] 'requestAnimationFrame' handler took <N>ms
15:36:04.625 [Violation] 'requestAnimationFrame' handler took <N>ms
15:36:04.625 [Violation] 'requestAnimationFrame' handler took <N>ms
15:36:04.625 [Violation] 'requestAnimationFrame' handler took <N>ms
15:36:04.625 [Violation] 'requestAnimationFrame' handler took <N>ms
15:36:04.625 [Violation] 'requestAnimationFrame' handler took <N>ms
15:36:04.625 [Violation] 'requestAnimationFrame' handler took <N>ms
15:36:04.625 [Violation] 'requestAnimationFrame' handler took <N>ms
15:36:04.625 [Violation] 'requestAnimationFrame' handler took <N>ms
15:36:04.625 [Violation] 'requestAnimationFrame' handler took <N>ms
15:36:04.625 [Violation] 'requestAnimationFrame' handler took <N>ms
15:36:04.625 [Violation] 'requestAnimationFrame' handler took <N>ms
15:36:04.625 [Violation] 'requestAnimationFrame' handler took <N>ms
15:36:04.625 [Violation] 'requestAnimationFrame' handler took <N>ms
15:36:04.625 [Violation] 'requestAnimationFrame' handler took <N>ms
15:36:04.625 [Violation] 'requestAnimationFrame' handler took <N>ms
15:36:04.625 [Violation] 'requestAnimationFrame' handler took <N>ms
15:36:04.625 [Violation] 'requestAnimationFrame' handler took <N>ms
15:36:04.625 [Violation] 'requestAnimationFrame' handler took <N>ms
15:36:04.625 [Violation] 'requestAnimationFrame' handler took <N>ms
15:36:04.625 [Violation] 'requestAnimationFrame' handler took <N>ms
15:36:04.625 [Violation] 'requestAnimationFrame' handler took <N>ms
15:36:04.625 [Violation] 'requestAnimationFrame' handler took <N>ms
15:36:04.625 [Violation] 'requestAnimationFrame' handler took <N>ms
15:36:04.625 [Violation] 'requestAnimationFrame' handler took <N>ms
15:36:04.625 [Violation] 'requestAnimationFrame' handler took <N>ms
15:36:04.625 [Violation] 'requestAnimationFrame' handler took <N>ms
15:36:04.625 [Violation] 'requestAnimationFrame' handler took <N>ms
15:36:04.625 [Violation] 'requestAnimationFrame' handler took <N>ms
15:36:04.625 [Violation] 'requestAnimationFrame' handler took <N>ms
15:36:04.625 [Violation] 'requestAnimationFrame' handler took <N>ms
15:36:04.625 [Violation] 'requestAnimationFrame' handler took <N>ms
15:36:04.625 [Violation] 'requestAnimationFrame' handler took <N>ms
15:36:04.625 [Violation] 'requestAnimationFrame' handler took <N>ms
15:36:04.625 [Violation] 'requestAnimationFrame' handler took <N>ms
15:36:04.625 [Violation] 'requestAnimationFrame' handler took <N>ms
15:36:04.625 [Violation] 'requestAnimationFrame' handler took <N>ms
15:36:04.625 [Violation] 'requestAnimationFrame' handler took <N>ms
15:36:04.625 [Violation] 'requestAnimationFrame' handler took <N>ms
15:36:04.625 [Violation] 'requestAnimationFrame' handler took <N>ms
15:36:04.625 [Violation] 'requestAnimationFrame' handler took <N>ms
15:36:04.625 [Violation] 'requestAnimationFrame' handler took <N>ms
15:36:04.625 [Violation] 'requestAnimationFrame' handler took <N>ms
15:36:04.625 [Violation] 'requestAnimationFrame' handler took <N>ms
15:36:04.625 [Violation] 'requestAnimationFrame' handler took <N>ms
15:36:04.625 [Violation] 'requestAnimationFrame' handler took <N>ms
15:36:04.625 [Violation] 'requestAnimationFrame' handler took <N>ms
15:36:04.625 [Violation] 'requestAnimationFrame' handler took <N>ms
15:36:04.625 [Violation] 'requestAnimationFrame' handler took <N>ms
15:36:04.625 [Violation] 'requestAnimationFrame' handler took <N>ms
15:36:04.625 [Violation] 'requestAnimationFrame' handler took <N>ms
15:36:04.625 [Violation] 'requestAnimationFrame' handler took <N>ms
15:36:04.625 [Violation] 'requestAnimationFrame' handler took <N>ms
15:36:04.625 [Violation] 'requestAnimationFrame' handler took <N>ms
15:36:04.625 [Violation] 'requestAnimationFrame' handler took <N>ms
15:36:04.625 [Violation] 'requestAnimationFrame' handler took <N>ms
15:36:04.625 [Violation] 'requestAnimationFrame' handler took <N>ms
15:36:04.625 [Violation] 'requestAnimationFrame' handler took <N>ms
15:36:04.625 [Violation] 'requestAnimationFrame' handler took <N>ms
15:36:04.625 [Violation] 'requestAnimationFrame' handler took <N>ms
15:36:04.625 [Violation] 'requestAnimationFrame' handler took <N>ms
15:36:04.625 [Violation] 'requestAnimationFrame' handler took <N>ms
15:36:04.625 [Violation] 'requestAnimationFrame' handler took <N>ms
15:36:04.625 [Violation] 'requestAnimationFrame' handler took <N>ms
15:36:04.625 [Violation] 'requestAnimationFrame' handler took <N>ms
15:36:04.625 [Violation] 'requestAnimationFrame' handler took <N>ms
15:36:04.625 [Violation] 'requestAnimationFrame' handler took <N>ms
15:36:04.625 [Violation] 'requestAnimationFrame' handler took <N>ms
15:36:04.625 [Violation] 'requestAnimationFrame' handler took <N>ms
15:36:04.625 [Violation] 'requestAnimationFrame' handler took <N>ms
15:36:04.625 [Violation] 'requestAnimationFrame' handler took <N>ms
15:36:04.625 [Violation] 'requestAnimationFrame' handler took <N>ms
15:36:04.625 [Violation] 'requestAnimationFrame' handler took <N>ms
15:36:04.625 [Violation] 'requestAnimationFrame' handler took <N>ms
15:36:04.625 [Violation] 'requestAnimationFrame' handler took <N>ms
15:36:04.625 [Violation] 'requestAnimationFrame' handler took <N>ms
15:36:04.625 [Violation] 'requestAnimationFrame' handler took <N>ms
15:36:04.625 [Violation] 'requestAnimationFrame' handler took <N>ms
15:36:04.625 [Violation] 'requestAnimationFrame' handler took <N>ms
15:36:04.625 [Violation] 'requestAnimationFrame' handler took <N>ms
15:36:04.625 [Violation] 'requestAnimationFrame' handler took <N>ms
15:36:04.625 [Violation] 'requestAnimationFrame' handler took <N>ms
15:36:04.625 [Violation] 'requestAnimationFrame' handler took <N>ms
15:36:04.625 [Violation] 'requestAnimationFrame' handler took <N>ms
15:36:04.625 [Violation] 'requestAnimationFrame' handler took <N>ms
15:36:04.625 [Violation] 'requestAnimationFrame' handler took <N>ms
15:36:04.625 [Violation] 'requestAnimationFrame' handler took <N>ms
15:36:04.625 [Violation] 'requestAnimationFrame' handler took <N>ms
15:36:04.625 [Violation] 'requestAnimationFrame' handler took <N>ms
15:36:04.625 [Violation] 'requestAnimationFrame' handler took <N>ms
15:36:04.625 [Violation] 'requestAnimationFrame' handler took <N>ms
15:36:04.625 [Violation] 'requestAnimationFrame' handler took <N>ms
15:36:04.625 [Violation] 'requestAnimationFrame' handler took <N>ms
15:36:04.625 [Violation] 'requestAnimationFrame' handler took <N>ms
15:36:04.625 [Violation] 'requestAnimationFrame' handler took <N>ms
15:36:04.625 [Violation] 'requestAnimationFrame' handler took <N>ms
15:36:04.625 [Violation] 'requestAnimationFrame' handler took <N>ms
15:36:04.625 [Violation] 'requestAnimationFrame' handler took <N>ms
15:36:04.625 [Violation] 'requestAnimationFrame' handler took <N>ms
15:36:04.625 [Violation] 'requestAnimationFrame' handler took <N>ms
15:36:04.625 [Violation] 'requestAnimationFrame' handler took <N>ms
15:36:04.625 [Violation] 'requestAnimationFrame' handler took <N>ms
15:36:04.625 [Violation] 'requestAnimationFrame' handler took <N>ms
15:36:04.625 [Violation] 'requestAnimationFrame' handler took <N>ms
15:36:04.625 [Violation] 'requestAnimationFrame' handler took <N>ms
15:36:04.625 [Violation] 'requestAnimationFrame' handler took <N>ms
15:36:04.625 [Violation] 'requestAnimationFrame' handler took <N>ms
15:36:04.625 [Violation] 'requestAnimationFrame' handler took <N>ms
15:36:04.625 [Violation] 'requestAnimationFrame' handler took <N>ms
15:36:04.625 [Violation] 'requestAnimationFrame' handler took <N>ms
15:36:04.625 [Violation] 'requestAnimationFrame' handler took <N>ms
15:36:04.625 [Violation] 'requestAnimationFrame' handler took <N>ms
15:36:04.625 [Violation] 'requestAnimationFrame' handler took <N>ms
15:36:04.625 [Violation] 'requestAnimationFrame' handler took <N>ms
15:36:04.625 [Violation] 'requestAnimationFrame' handler took <N>ms
15:36:04.625 [Violation] 'requestAnimationFrame' handler took <N>ms
15:36:04.625 [Violation] 'requestAnimationFrame' handler took <N>ms
15:36:04.625 [Violation] 'requestAnimationFrame' handler took <N>ms
15:36:04.625 [Violation] 'requestAnimationFrame' handler took <N>ms
15:36:04.625 [Violation] 'requestAnimationFrame' handler took <N>ms
15:36:04.625 [Violation] 'requestAnimationFrame' handler took <N>ms
15:36:04.625 [Violation] 'requestAnimationFrame' handler took <N>ms
15:36:04.625 [Violation] 'requestAnimationFrame' handler took <N>ms
15:36:04.625 [Violation] 'requestAnimationFrame' handler took <N>ms
15:36:04.625 [Violation] 'requestAnimationFrame' handler took <N>ms
15:36:04.625 [Violation] 'requestAnimationFrame' handler took <N>ms
15:36:04.625 [Violation] 'requestAnimationFrame' handler took <N>ms
15:36:04.625 [Violation] 'requestAnimationFrame' handler took <N>ms
15:36:04.625 [Violation] 'requestAnimationFrame' handler took <N>ms
15:36:04.625 [Violation] 'requestAnimationFrame' handler took <N>ms
15:36:04.625 [Violation] 'requestAnimationFrame' handler took <N>ms
15:36:04.625 [Violation] 'requestAnimationFrame' handler took <N>ms
15:36:04.625 [Violation] 'requestAnimationFrame' handler took <N>ms
15:36:04.625 [Violation] 'requestAnimationFrame' handler took <N>ms
15:36:04.625 [Violation] 'requestAnimationFrame' handler took <N>ms
15:36:04.625 [Violation] 'requestAnimationFrame' handler took <N>ms
15:36:04.625 [Violation] 'requestAnimationFrame' handler took <N>ms
15:36:04.625 [Violation] 'requestAnimationFrame' handler took <N>ms
15:36:04.625 [Violation] 'requestAnimationFrame' handler took <N>ms
15:36:04.625 [Violation] 'requestAnimationFrame' handler took <N>ms
15:36:04.625 [Violation] 'requestAnimationFrame' handler took <N>ms
15:36:04.625 [Violation] 'requestAnimationFrame' handler took <N>ms
15:36:04.625 [Violation] 'requestAnimationFrame' handler took <N>ms
15:36:04.625 [Violation] 'requestAnimationFrame' handler took <N>ms
15:36:04.625 [Violation] 'requestAnimationFrame' handler took <N>ms
15:36:04.625 [Violation] 'requestAnimationFrame' handler took <N>ms
15:36:04.625 [Violation] 'requestAnimationFrame' handler took <N>ms
15:36:04.625 [Violation] 'requestAnimationFrame' handler took <N>ms
15:36:04.625 [Violation] 'requestAnimationFrame' handler took <N>ms
15:36:04.625 [Violation] 'requestAnimationFrame' handler took <N>ms
15:36:04.625 [Violation] 'requestAnimationFrame' handler took <N>ms
15:36:04.625 [Violation] 'requestAnimationFrame' handler took <N>ms
15:36:04.625 [Violation] 'requestAnimationFrame' handler took <N>ms
15:36:04.625 [Violation] 'requestAnimationFrame' handler took <N>ms
15:36:04.625 [Violation] 'requestAnimationFrame' handler took <N>ms
15:36:04.625 [Violation] 'requestAnimationFrame' handler took <N>ms
15:36:04.625 [Violation] 'requestAnimationFrame' handler took <N>ms
15:36:04.625 [Violation] 'requestAnimationFrame' handler took <N>ms
15:36:04.625 [Violation] 'requestAnimationFrame' handler took <N>ms
15:36:04.625 [Violation] 'requestAnimationFrame' handler took <N>ms
15:36:04.625 [Violation] 'requestAnimationFrame' handler took <N>ms
15:36:04.625 [Violation] 'requestAnimationFrame' handler took <N>ms
15:36:04.625 [Violation] 'requestAnimationFrame' handler took <N>ms
